{"issues_count": 0, "name": "flyingfish88888/Arabesque", "contributors": ["flyingfish88888"], "subscribers_count": 1, "stargazers_count": 0, "id": 56440556}
{"issues_count": 0, "name": "siganos/Arabesque", "contributors": ["AlexJF", "marcoserafini", "siganos"], "subscribers_count": 1, "stargazers_count": 0, "id": 53567622}
{"issues_count": 15, "name": "qcri/Arabesque", "contributors": ["AlexJF", "siganos", "marcoserafini"], "subscribers_count": 27, "stargazers_count": 38, "id": 41999591}
{"issues_count": 0, "name": "dccspeed/Arabesque", "contributors": ["viniciusvdias", "AlexJF", "tcriscuolo", "marcoserafini"], "subscribers_count": 2, "stargazers_count": 0, "id": 105045799}
{"issues_count": 0, "name": "qcri/Arabesque-Skeleton", "contributors": ["marcoserafini", "AlexJF"], "subscribers_count": 18, "stargazers_count": 1, "id": 43490319}
{"issues_count": 0, "name": "siganos/Arabesque-Skeleton", "contributors": ["AlexJF"], "subscribers_count": 1, "stargazers_count": 0, "id": 53570168}
{"issues_count": 0, "name": "DMGroup-IUPUI/Arabesque", "contributors": ["AlexJF", "siganos", "marcoserafini"], "subscribers_count": 1, "stargazers_count": 0, "id": 106752668}
{"issues_count": 0, "name": "AmartC/Arabesque", "contributors": ["viniciusvdias", "AlexJF", "tcriscuolo", "marcoserafini"], "subscribers_count": 1, "stargazers_count": 0, "id": 102779006}
{"issues_count": 0, "name": "vishalbelsare/Arabesque", "contributors": ["AlexJF", "siganos", "marcoserafini"], "subscribers_count": 1, "stargazers_count": 0, "id": 101580468}
{"issues_count": 0, "name": "rzs840707/Arabesque", "contributors": ["AlexJF", "siganos", "marcoserafini"], "subscribers_count": 1, "stargazers_count": 0, "id": 101160795}
{"issues_count": 0, "name": "EslamAli86/Arabesque", "contributors": ["AlexJF", "siganos", "marcoserafini"], "subscribers_count": 1, "stargazers_count": 0, "id": 95679167}
{"issues_count": 0, "name": "siganos/Arabesque-1", "contributors": ["viniciusvdias", "AlexJF", "tcriscuolo", "marcoserafini"], "subscribers_count": 1, "stargazers_count": 0, "id": 74965005}
{"issues_count": 0, "name": "giserh/Arabesque", "contributors": ["AlexJF", "siganos", "marcoserafini"], "subscribers_count": 1, "stargazers_count": 0, "id": 72899350}
{"issues_count": 0, "name": "marcoserafini/Arabesque", "contributors": ["AlexJF", "siganos", "marcoserafini"], "subscribers_count": 1, "stargazers_count": 0, "id": 72034106}
{"issues_count": 0, "name": "ghanemabdo/Arabesque", "contributors": ["AlexJF", "siganos", "marcoserafini"], "subscribers_count": 1, "stargazers_count": 0, "id": 71697814}
{"issues_count": 0, "name": "yuede/Arabesque", "contributors": ["AlexJF", "siganos", "marcoserafini"], "subscribers_count": 1, "stargazers_count": 0, "id": 71473644}
{"issues_count": 0, "name": "heiqiaoxiang/Arabesque", "contributors": ["AlexJF", "siganos", "marcoserafini"], "subscribers_count": 1, "stargazers_count": 0, "id": 67574427}
{"issues_count": 0, "name": "tcriscuolo/Arabesque", "contributors": ["viniciusvdias", "AlexJF", "marcoserafini"], "subscribers_count": 1, "stargazers_count": 0, "id": 60627413}
{"issues_count": 0, "name": "Acidburn0zzz/Arabesque", "contributors": ["AlexJF", "siganos", "marcoserafini"], "subscribers_count": 1, "stargazers_count": 1, "id": 58849571}
{"issues_count": 0, "name": "anukat2015/Arabesque", "contributors": ["AlexJF", "siganos", "marcoserafini"], "subscribers_count": 1, "stargazers_count": 0, "id": 55262992}
{"issues_count": 0, "name": "gdfm/Arabesque", "contributors": ["AlexJF", "siganos", "marcoserafini"], "subscribers_count": 1, "stargazers_count": 0, "id": 51248826}
{"issues_count": 0, "name": "caomw/Arabesque", "contributors": ["AlexJF", "marcoserafini"], "subscribers_count": 1, "stargazers_count": 0, "id": 46828876}
{"issues_count": 0, "name": "prateekmehta/Arabesque", "contributors": ["AlexJF", "marcoserafini"], "subscribers_count": 1, "stargazers_count": 1, "id": 46824994}
{"issues_count": 0, "name": "likaiguo/Arabesque", "contributors": ["AlexJF", "marcoserafini"], "subscribers_count": 0, "stargazers_count": 0, "id": 46808543}
{"issues_count": 0, "name": "anujsrc/Arabesque", "contributors": ["AlexJF", "marcoserafini"], "subscribers_count": 1, "stargazers_count": 0, "id": 46790629}
{"issues_count": 0, "name": "xzflin/Arabesque", "contributors": ["AlexJF", "marcoserafini"], "subscribers_count": 1, "stargazers_count": 0, "id": 46777390}
{"issues_count": 0, "name": "yuwentao/Arabesque", "contributors": ["AlexJF", "marcoserafini"], "subscribers_count": 1, "stargazers_count": 0, "id": 46759899}
{"issues_count": 0, "name": "DMGroup-IUPUI/Arabesque-Skeleton", "contributors": ["marcoserafini", "AlexJF"], "subscribers_count": 1, "stargazers_count": 0, "id": 106752764}
{"issues_count": 0, "name": "rushabhshah341/Arabesque-Skeleton", "contributors": ["marcoserafini", "AlexJF"], "subscribers_count": 1, "stargazers_count": 0, "id": 102772508}
{"issues_count": 0, "name": "wsodsong/Arabesque-Skeleton", "contributors": ["marcoserafini", "AlexJF"], "subscribers_count": 1, "stargazers_count": 0, "id": 76325858}
{"issues_count": 0, "name": "giserh/Arabesque-Skeleton", "contributors": ["marcoserafini", "AlexJF"], "subscribers_count": 1, "stargazers_count": 0, "id": 72899346}
{"issues_count": 0, "name": "polinapolina/Arabesque-Skeleton", "contributors": ["marcoserafini", "AlexJF"], "subscribers_count": 1, "stargazers_count": 0, "id": 71769448}
{"issues_count": 0, "name": "heiqiaoxiang/Arabesque-Skeleton", "contributors": ["marcoserafini", "AlexJF"], "subscribers_count": 1, "stargazers_count": 0, "id": 67386206}
{"issues_count": 0, "name": "anukat2015/Arabesque-Skeleton", "contributors": ["marcoserafini", "AlexJF"], "subscribers_count": 1, "stargazers_count": 0, "id": 55263114}
{"issues_count": 0, "name": "lazycrazyowl/Arabesque-Skeleton", "contributors": ["marcoserafini", "AlexJF"], "subscribers_count": 1, "stargazers_count": 0, "id": 46786305}
