{"issues_count": 0, "name": "Karan970/finalyear", "contributors": ["Karan970"], "subscribers_count": 1, "stargazers_count": 0, "id": 94119736}
{"issues_count": 0, "name": "spavz/goffish_v3", "contributors": ["spavz"], "subscribers_count": 1, "stargazers_count": 0, "id": 96274733}
{"issues_count": 0, "name": "hullas1502/GoFFish", "contributors": ["hullas1502"], "subscribers_count": 0, "stargazers_count": 0, "id": 92260726}
{"issues_count": 27, "name": "dream-lab/goffish_v3", "contributors": ["dipkakwani", "Humus-", "KidEinstein", "hullas1502", "keladhruv", "sarthaksharma", "simmhan", "abhilashsharma", "prajay", "TilakSN", "invalid-email-address", "spavz"], "subscribers_count": 15, "stargazers_count": 5, "id": 63473125}
{"issues_count": 0, "name": "abhilashsharma/Hama-GoDB-Refactored", "contributors": ["abhilashsharma"], "subscribers_count": 1, "stargazers_count": 0, "id": 94562935}
{"issues_count": 0, "name": "aakashkhochare/SwordFFish", "contributors": [], "subscribers_count": 0, "stargazers_count": 0, "id": 89642646}
{"issues_count": 0, "name": "Karan970/goffish", "contributors": ["Karan970"], "subscribers_count": 1, "stargazers_count": 0, "id": 95873319}
{"issues_count": 0, "name": "abhilashsharma/Hama-Godb", "contributors": ["abhilashsharma"], "subscribers_count": 1, "stargazers_count": 0, "id": 87419408}
{"issues_count": 0, "name": "dipkakwani/goffishv3", "contributors": ["Humus-", "dipkakwani", "abhilashsharma"], "subscribers_count": 8, "stargazers_count": 0, "id": 69086339}
{"issues_count": 0, "name": "Karan970/goffish_v3-1-master", "contributors": ["Karan970"], "subscribers_count": 1, "stargazers_count": 0, "id": 95871881}
{"issues_count": 0, "name": "TilakSN/goffish-sample", "contributors": ["TilakSN"], "subscribers_count": 1, "stargazers_count": 0, "id": 103277117}
{"issues_count": 0, "name": "Sidd0602/Goffish_Temporal", "contributors": ["Sidd0602"], "subscribers_count": 1, "stargazers_count": 0, "id": 104577103}
{"issues_count": 0, "name": "abhilashsharma/goffish_v3", "contributors": ["spavz"], "subscribers_count": 1, "stargazers_count": 0, "id": 100106734}
{"issues_count": 0, "name": "Karan970/goffish_v3-1", "contributors": ["spavz"], "subscribers_count": 1, "stargazers_count": 0, "id": 96789257}
{"issues_count": 0, "name": "mehulsbhatt/goffish_v3", "contributors": ["dipkakwani", "Humus-", "KidEinstein", "hullas1502", "sarthaksharma", "simmhan", "abhilashsharma", "keladhruv", "prajay", "TilakSN", "invalid-email-address", "spavz"], "subscribers_count": 1, "stargazers_count": 0, "id": 98493013}
{"issues_count": 1, "name": "keladhruv/goffish_v3", "contributors": ["dipkakwani", "Humus-", "KidEinstein", "keladhruv", "hullas1502", "sarthaksharma", "simmhan", "abhilashsharma", "prajay", "TilakSN", "invalid-email-address", "spavz"], "subscribers_count": 0, "stargazers_count": 0, "id": 98290756}
{"issues_count": 0, "name": "Karan970/goffish_v3", "contributors": ["dipkakwani", "Humus-", "KidEinstein", "sarthaksharma", "simmhan", "abhilashsharma", "spavz"], "subscribers_count": 1, "stargazers_count": 0, "id": 94202169}
{"issues_count": 0, "name": "spavz/goffish_v3-1", "contributors": ["dipkakwani", "Humus-", "KidEinstein", "sarthaksharma", "simmhan", "abhilashsharma", "spavz", "prajay", "hullas1502"], "subscribers_count": 1, "stargazers_count": 0, "id": 94103452}
{"issues_count": 0, "name": "bharathbrat/goffish_v3", "contributors": ["dipkakwani", "Humus-", "KidEinstein", "sarthaksharma", "simmhan", "abhilashsharma"], "subscribers_count": 1, "stargazers_count": 0, "id": 93303547}
{"issues_count": 0, "name": "Humus-/goffish_v3", "contributors": ["KidEinstein", "dipkakwani", "Humus-", "sarthaksharma", "abhilashsharma"], "subscribers_count": 1, "stargazers_count": 0, "id": 89352549}
{"issues_count": 2, "name": "upperwal/goffish_v3", "contributors": ["dipkakwani", "Humus-", "abhilashsharma", "upperwal"], "subscribers_count": 0, "stargazers_count": 0, "id": 79550800}
