{"url": "https://api.github.com/repositories/80255140/contents/src/main/java/org/apache/flink/gelly/streaming/connectors/neo4j/GellyNeo4JSource.java?ref=5cf1feed0fa3b5daddb3efb0f874a7dd762debd1"}
{"url": "https://api.github.com/repositories/49964590/contents/src/main/java/gelly/schemas/GraphR.java?ref=9df22d1aa035dbef89746a52998467a47c19bde4"}
{"url": "https://api.github.com/repositories/80255140/contents/src/test/java/org/apache/flink/gelly/batch/neo4j/GellyNeo4JInputFormatMock.java?ref=5cf1feed0fa3b5daddb3efb0f874a7dd762debd1"}
{"url": "https://api.github.com/repositories/80255140/contents/src/test/java/org/apache/flink/gelly/batch/neo4j/GellyNeo4JOutputFormatTest.java?ref=5cf1feed0fa3b5daddb3efb0f874a7dd762debd1"}
{"url": "https://api.github.com/repositories/80255140/contents/src/main/java/org/apache/flink/gelly/mapping/neo4j/GellyNeo4JDeserializationMappingStrategy.java?ref=5cf1feed0fa3b5daddb3efb0f874a7dd762debd1"}
{"url": "https://api.github.com/repositories/80255140/contents/src/main/java/org/apache/flink/gelly/mapping/neo4j/GellyNeo4JSerializationMappingStrategy.java?ref=5cf1feed0fa3b5daddb3efb0f874a7dd762debd1"}
{"url": "https://api.github.com/repositories/80255140/contents/src/main/java/org/apache/flink/gelly/batch/neo4j/GellyNeo4JInputFormat.java?ref=5cf1feed0fa3b5daddb3efb0f874a7dd762debd1"}
{"url": "https://api.github.com/repositories/80255140/contents/src/main/java/org/apache/flink/gelly/mapping/neo4j/GellyDeserializationMapper.java?ref=5cf1feed0fa3b5daddb3efb0f874a7dd762debd1"}
{"url": "https://api.github.com/repositories/80255140/contents/src/main/java/org/apache/flink/gelly/mapping/neo4j/GellyNeo4JSerializationDefaultMappingStrategy.java?ref=5cf1feed0fa3b5daddb3efb0f874a7dd762debd1"}
{"url": "https://api.github.com/repositories/72092910/contents/src/main/java/com/duansky/learn/flink/gelly/_Graph.java?ref=f80c4d37f1e550b82ffc028de65918790b0a18aa"}
{"url": "https://api.github.com/repositories/80255140/contents/src/main/java/org/apache/flink/gelly/batch/neo4j/GellyNeo4JOutputFormat.java?ref=5cf1feed0fa3b5daddb3efb0f874a7dd762debd1"}
{"url": "https://api.github.com/repositories/65919498/contents/build.sbt?ref=f7b02993c08287c21ce641055d1804a9cae4d49e"}
{"url": "https://api.github.com/repositories/80255140/contents/src/test/java/org/apache/flink/gelly/batch/neo4j/GellyNeo4JOutputFormatMock.java?ref=5cf1feed0fa3b5daddb3efb0f874a7dd762debd1"}
{"url": "https://api.github.com/repositories/103922918/contents/gradoop-flink/src/main/java/org/gradoop/flink/algorithms/labelpropagation/GellyLabelPropagation.java?ref=161414c9aa08ddbdc366a1f563504dad5f355f2c"}
{"url": "https://api.github.com/repositories/80255140/contents/src/test/java/org/apache/flink/gelly/mapping/neo4j/GellyNeo4JSerializationDefaultMappingStategyTest.java?ref=5cf1feed0fa3b5daddb3efb0f874a7dd762debd1"}
{"url": "https://api.github.com/repositories/95763747/contents/gradoop-flink/src/main/java/org/gradoop/flink/algorithms/labelpropagation/GellyLabelPropagation.java?ref=99d0fb294feec690142153772731de8fca22edfa"}
{"url": "https://api.github.com/repositories/26323526/contents/gradoop-flink/src/main/java/org/gradoop/flink/algorithms/labelpropagation/GellyLabelPropagation.java?ref=5034e542a547a098253ddf5a5e055b2265c88276"}
{"url": "https://api.github.com/repositories/72092910/contents/src/main/java/com/duansky/learn/flink/gelly/util/Graphs.java?ref=f80c4d37f1e550b82ffc028de65918790b0a18aa"}
{"url": "https://api.github.com/repositories/71545174/contents/src/main/java/flink/gelly/school/Tgraphv2.java?ref=f9760cafd93b99614938316f0a287b0f3e727bc5"}
{"url": "https://api.github.com/repositories/80255140/contents/src/main/java/org/apache/flink/gelly/utilities/ExecutionEnvironmentUtils.java?ref=5cf1feed0fa3b5daddb3efb0f874a7dd762debd1"}
{"url": "https://api.github.com/repositories/80255140/contents/src/main/java/org/apache/flink/gelly/mapping/neo4j/GellySerializationMapper.java?ref=5cf1feed0fa3b5daddb3efb0f874a7dd762debd1"}
{"url": "https://api.github.com/repositories/52472940/contents/src/main/java/nl/tudelft/graphalytics/flink/GellyPlatform.java?ref=18426a870d63f78dd2264b1c70ecd519acf564a6"}
{"url": "https://api.github.com/repositories/103922918/contents/gradoop-flink/src/main/java/org/gradoop/flink/algorithms/labelpropagation/LabelPropagation.java?ref=161414c9aa08ddbdc366a1f563504dad5f355f2c"}
{"url": "https://api.github.com/repositories/95763747/contents/gradoop-flink/src/main/java/org/gradoop/flink/algorithms/labelpropagation/LabelPropagation.java?ref=99d0fb294feec690142153772731de8fca22edfa"}
{"url": "https://api.github.com/repositories/74978347/contents/blog/release_1.1.0-changelog.md?ref=1763a2fa3d10a6a5d14da01c7f348089a60e8c6c"}
{"url": "https://api.github.com/repositories/35755560/contents/blog/release_1.1.0-changelog.md?ref=b1878e3330687f6c0f98ea8d36cbb5d0af188dcc"}
{"url": "https://api.github.com/repositories/31691773/contents/FLINK/0.10.0/CHANGES.0.10.0.md?ref=028a7a3848600c53afc903cfad17e6a49aea2ac2"}
{"url": "https://api.github.com/repositories/74982972/contents/blog/release_1.1.0-changelog.md?ref=cb16642192e5761f3c3f79dbae79a25724492955"}
{"url": "https://api.github.com/repositories/31691773/contents/FLINK/0.10/CHANGES.0.10.md?ref=028a7a3848600c53afc903cfad17e6a49aea2ac2"}
{"url": "https://api.github.com/repositories/103922918/contents/gradoop-flink/src/main/java/org/gradoop/flink/model/impl/functions/epgm/ToGellyEdgeWithNullValue.java?ref=161414c9aa08ddbdc366a1f563504dad5f355f2c"}
{"url": "https://api.github.com/repositories/26323526/contents/gradoop-flink/src/main/java/org/gradoop/flink/algorithms/labelpropagation/LabelPropagation.java?ref=fc9f1a3f81d60f0286c4fd9bfcbda38dbbda3f91"}
{"url": "https://api.github.com/repositories/72092910/contents/src/main/java/com/duansky/learn/flink/gelly/lib/_TriangleCount.java?ref=f80c4d37f1e550b82ffc028de65918790b0a18aa"}
{"url": "https://api.github.com/repositories/93370532/contents/blog/release_1.3.0-changelog.html?ref=150a3d0594df228edb7725d8de407a8da968d7dc"}
{"url": "https://api.github.com/repositories/72837541/contents/flink-libraries/flink-gelly-scala/src/test/scala/org/apache/flink/graph/scala/test/GellyScalaAPICompletenessTest.scala?ref=53630da01bcbfe05eda90869b1198b4e1c554a86"}
{"url": "https://api.github.com/repositories/56697450/contents/flink-libraries/flink-gelly-scala/src/test/scala/org/apache/flink/graph/scala/test/GellyScalaAPICompletenessTest.scala?ref=e3f3190804446d3ec44c7aa1c47286019e65229a"}
{"url": "https://api.github.com/repositories/95763747/contents/gradoop-flink/src/main/java/org/gradoop/flink/model/impl/functions/epgm/ToGellyEdgeWithNullValue.java?ref=99d0fb294feec690142153772731de8fca22edfa"}
{"url": "https://api.github.com/repositories/91676810/contents/flink-libraries/flink-gelly-scala/src/test/scala/org/apache/flink/graph/scala/test/GellyScalaAPICompletenessTest.scala?ref=e28380152a27dcbc794fae5b023e3223699a5813"}
{"url": "https://api.github.com/repositories/26323526/contents/gradoop-flink/src/main/java/org/gradoop/flink/model/impl/functions/epgm/ToGellyEdgeWithNullValue.java?ref=5034e542a547a098253ddf5a5e055b2265c88276"}
{"url": "https://api.github.com/repositories/72831280/contents/flink-libraries/flink-gelly-scala/src/test/scala/org/apache/flink/graph/scala/test/GellyScalaAPICompletenessTest.scala?ref=53630da01bcbfe05eda90869b1198b4e1c554a86"}
{"url": "https://api.github.com/repositories/47972099/contents/flink-libraries/flink-gelly-scala/src/test/scala/org/apache/flink/graph/scala/test/GellyScalaAPICompletenessTest.scala?ref=91653933632c98dd3d57c13bbc77b73801c1c59b"}
{"url": "https://api.github.com/repositories/103559701/contents/flink/flink-libraries/flink-gelly-scala/src/test/scala/org/apache/flink/graph/scala/test/GellyScalaAPICompletenessTest.scala?ref=05a2764bb3dede9f5373214c12e29d80c13f091f"}
{"url": "https://api.github.com/repositories/65464807/contents/flink/flink-libraries/flink-gelly-scala/src/test/scala/org/apache/flink/graph/scala/test/GellyScalaAPICompletenessTest.scala?ref=4ea3cc1affd94f24cad6e5c1169aff94039d5113"}
{"url": "https://api.github.com/repositories/102363308/contents/flink-libraries/flink-gelly-scala/src/test/scala/org/apache/flink/graph/scala/test/GellyScalaAPICompletenessTest.scala?ref=32434d80396324ed41933cfce4ce3821693ed3c7"}
{"url": "https://api.github.com/repositories/97702938/contents/flink-libraries/flink-gelly-scala/src/test/scala/org/apache/flink/graph/scala/test/GellyScalaAPICompletenessTest.scala?ref=8a43b9c0b7b0272cd5076f206d3b42d14396d9d6"}
{"url": "https://api.github.com/repositories/35755560/contents/blog/release_1.3.0-changelog.md?ref=4e75b86eb4447bda5c52fbd8d296f00a4f006cd0"}
{"url": "https://api.github.com/repositories/96767020/contents/flink-libraries/flink-gelly-scala/src/test/scala/org/apache/flink/graph/scala/test/GellyScalaAPICompletenessTest.scala?ref=d874911f58fd27e01305cfcceaf4bf893d301a41"}
{"url": "https://api.github.com/repositories/51601818/contents/flink-libraries/flink-gelly-scala/src/test/scala/org/apache/flink/graph/scala/test/GellyScalaAPICompletenessTest.scala?ref=b6bfcf008e20eb4d4a3e81bedf7eaf871f121d4c"}
{"url": "https://api.github.com/repositories/56659068/contents/flink-libraries/flink-gelly-scala/src/test/scala/org/apache/flink/graph/scala/test/GellyScalaAPICompletenessTest.scala?ref=1f535efc264965af6762f3768db8b3f5088e555b"}
{"url": "https://api.github.com/repositories/100514710/contents/flink-libraries/flink-gelly-scala/src/test/scala/org/apache/flink/graph/scala/test/GellyScalaAPICompletenessTest.scala?ref=54a51b250fd2d2e5e3386b5dfb99ba9fd427962c"}
{"url": "https://api.github.com/repositories/80255140/contents/src/test/java/org/apache/flink/gelly/mapping/neo4j/GellyNeo4JDeserializationDefaultMappingStrategyTest.java?ref=5cf1feed0fa3b5daddb3efb0f874a7dd762debd1"}
{"url": "https://api.github.com/repositories/74964149/contents/blog/release_1.1.0-changelog.md?ref=bf183a247304c6e639ee501c77fecc20b3da091a"}
{"url": "https://api.github.com/repositories/59762775/contents/flink-libraries/flink-gelly-scala/src/test/scala/org/apache/flink/graph/scala/test/GellyScalaAPICompletenessTest.scala?ref=34f292593a30ad0670bd65c47b4dc6c907b8242c"}
{"url": "https://api.github.com/repositories/48115698/contents/flink-libraries/flink-gelly-scala/src/test/scala/org/apache/flink/graph/scala/test/GellyScalaAPICompletenessTest.scala?ref=ba506019e30cedff2945628eb97bc3742bdb8d1e"}
{"url": "https://api.github.com/repositories/30960415/contents/flink-libraries/flink-gelly-scala/src/test/scala/org/apache/flink/graph/scala/test/GellyScalaAPICompletenessTest.scala?ref=7e0aa04844c0be3625837ed76a3ad94d649828d7"}
{"url": "https://api.github.com/repositories/52533147/contents/flink/flink-libraries/flink-gelly-scala/src/test/scala/org/apache/flink/graph/scala/test/GellyScalaAPICompletenessTest.scala?ref=c4505f1a4b147d839086270aa19dba36788dda3c"}
{"url": "https://api.github.com/repositories/48088294/contents/flink-libraries/flink-gelly-scala/src/test/scala/org/apache/flink/graph/scala/test/GellyScalaAPICompletenessTest.scala?ref=19cbc787b9f53dd494d77899e00111f437e907b6"}
{"url": "https://api.github.com/repositories/80255140/contents/src/test/java/org/apache/flink/gelly/batch/neo4j/GellyNeo4JInputFormatTest.java?ref=5cf1feed0fa3b5daddb3efb0f874a7dd762debd1"}
{"url": "https://api.github.com/repositories/87071703/contents/flink-libraries/flink-gelly-scala/src/test/scala/org/apache/flink/graph/scala/test/GellyScalaAPICompletenessTest.scala?ref=48f2149065eb2be5a820a8bf6b0fa25dd72deb91"}
{"url": "https://api.github.com/repositories/62679333/contents/flink-libraries/flink-gelly-scala/src/test/scala/org/apache/flink/graph/scala/test/GellyScalaAPICompletenessTest.scala?ref=f9552d8dc25564405b37f3f0b6ac9addf497b722"}
{"url": "https://api.github.com/repositories/86431607/contents/flink-libraries/flink-gelly-scala/src/test/scala/org/apache/flink/graph/scala/test/GellyScalaAPICompletenessTest.scala?ref=fd392704cf1fd46f4dbc63b5892bf5cbe30fd6df"}
{"url": "https://api.github.com/repositories/87174663/contents/flink-libraries/flink-gelly-scala/src/test/scala/org/apache/flink/graph/scala/test/GellyScalaAPICompletenessTest.scala?ref=5a3e3b47fdf3ebedb7d46880f5aab3e202edba50"}
{"url": "https://api.github.com/repositories/99682990/contents/flink-libraries/flink-gelly-scala/src/test/scala/org/apache/flink/graph/scala/test/GellyScalaAPICompletenessTest.scala?ref=f471888ec7ea4bf7f584892cf1f774bd058908c6"}
{"url": "https://api.github.com/repositories/35755560/contents/blog/release_1.0.0-changelog_known_issues.md?ref=b1878e3330687f6c0f98ea8d36cbb5d0af188dcc"}
{"url": "https://api.github.com/repositories/101864218/contents/flink-libraries/flink-gelly-scala/src/test/scala/org/apache/flink/graph/scala/test/GellyScalaAPICompletenessTest.scala?ref=e845bc8a57780f5b2285d60022b20d4fa054735e"}
{"url": "https://api.github.com/repositories/103941692/contents/flink-libraries/flink-gelly-scala/src/test/scala/org/apache/flink/graph/scala/test/GellyScalaAPICompletenessTest.scala?ref=075528e12be1a1b75a5295f4443210b8e92c1af0"}
{"url": "https://api.github.com/repositories/74982972/contents/blog/release_1.0.0-changelog_known_issues.md?ref=cb16642192e5761f3c3f79dbae79a25724492955"}
{"url": "https://api.github.com/repositories/74975289/contents/flink-libraries/flink-gelly-scala/src/test/scala/org/apache/flink/graph/scala/test/GellyScalaAPICompletenessTest.scala?ref=1b2f3c06d2296d5e628b66a3c13126a546958d74"}
{"url": "https://api.github.com/repositories/74978347/contents/blog/release_1.0.0-changelog_known_issues.md?ref=1763a2fa3d10a6a5d14da01c7f348089a60e8c6c"}
{"url": "https://api.github.com/repositories/71119502/contents/flink-libraries/flink-gelly-scala/src/test/scala/org/apache/flink/graph/scala/test/GellyScalaAPICompletenessTest.scala?ref=f1614d9f24e41c00b04cb25f3a7e09a748f45b4f"}
{"url": "https://api.github.com/repositories/68967154/contents/flink-libraries/flink-gelly-scala/src/test/scala/org/apache/flink/graph/scala/test/GellyScalaAPICompletenessTest.scala?ref=ce7ac93bc52ef09ed1b4785b616dbe5895b21130"}
{"url": "https://api.github.com/repositories/103922918/contents/gradoop-flink/src/main/java/org/gradoop/flink/algorithms/labelpropagation/GradoopLabelPropagation.java?ref=161414c9aa08ddbdc366a1f563504dad5f355f2c"}
{"url": "https://api.github.com/repositories/31691773/contents/FLINK/0.9/CHANGES.0.9.md?ref=028a7a3848600c53afc903cfad17e6a49aea2ac2"}
{"url": "https://api.github.com/repositories/103922918/contents/gradoop-flink/src/main/java/org/gradoop/flink/algorithms/btgs/functions/ToGellyVertexWithIdValue.java?ref=161414c9aa08ddbdc366a1f563504dad5f355f2c"}
{"url": "https://api.github.com/repositories/20587599/contents/flink-libraries/flink-gelly-scala/src/test/scala/org/apache/flink/graph/scala/test/GellyScalaAPICompletenessTest.scala?ref=77b0fb9fe3656a5ae7e2ca3bbce28cfa5a0e247e"}
{"url": "https://api.github.com/repositories/71545174/contents/src/main/java/flink/gelly/school/EdgeTime.java?ref=f9760cafd93b99614938316f0a287b0f3e727bc5"}
{"url": "https://api.github.com/repositories/51474867/contents/src/main/scala/org/example/WordCountApp.scala?ref=a38ff86960ba37e11453fe6775373db465afa563"}
{"url": "https://api.github.com/repositories/103922918/contents/gradoop-flink/src/main/java/org/gradoop/flink/algorithms/labelpropagation/functions/EdgeToGellyEdgeMapper.java?ref=161414c9aa08ddbdc366a1f563504dad5f355f2c"}
{"url": "https://api.github.com/repositories/91676810/contents/flink-libraries/flink-gelly-examples/src/test/java/org/apache/flink/graph/drivers/parameter/StringParameterTest.java?ref=e28380152a27dcbc794fae5b023e3223699a5813"}
{"url": "https://api.github.com/repositories/103559701/contents/flink/flink-libraries/flink-gelly-examples/src/main/java/org/apache/flink/graph/Usage.java?ref=05a2764bb3dede9f5373214c12e29d80c13f091f"}
{"url": "https://api.github.com/repositories/96767020/contents/flink-libraries/flink-gelly-examples/src/main/java/org/apache/flink/graph/Usage.java?ref=d874911f58fd27e01305cfcceaf4bf893d301a41"}
{"url": "https://api.github.com/repositories/72092910/contents/src/main/java/com/duansky/learn/flink/gelly/lib/_SingleSourceShortestPath.java?ref=f80c4d37f1e550b82ffc028de65918790b0a18aa"}
{"url": "https://api.github.com/repositories/80255140/contents/src/main/java/org/apache/flink/gelly/mapping/neo4j/GellyNeo4JDeserializationDefaultMappingStrategy.java?ref=08e4cc044fdcb56d505b62673108748c86ffa6a3"}
{"url": "https://api.github.com/repositories/102363308/contents/flink-libraries/flink-gelly-examples/src/test/java/org/apache/flink/graph/drivers/parameter/StringParameterTest.java?ref=32434d80396324ed41933cfce4ce3821693ed3c7"}
{"url": "https://api.github.com/repositories/92402560/contents/Projekt/src/GellyExample.scala?ref=8c7a9a61a03c7f3b99d0617974655451bccd61fa"}
{"url": "https://api.github.com/repositories/87071703/contents/flink-libraries/flink-gelly-examples/src/main/java/org/apache/flink/graph/Usage.java?ref=48f2149065eb2be5a820a8bf6b0fa25dd72deb91"}
{"url": "https://api.github.com/repositories/77603838/contents/flink-libraries/flink-gelly-scala/src/test/scala/org/apache/flink/graph/scala/test/GellyScalaAPICompletenessTest.scala?ref=235a169691bd3c3ff2a25b7a7763c6900a0f2c6c"}
{"url": "https://api.github.com/repositories/103953751/contents/flink-libraries/flink-gelly-scala/src/test/scala/org/apache/flink/graph/scala/test/GellyScalaAPICompletenessTest.scala?ref=3545503f1390251a47f40121372f20c57bee92fa"}
{"url": "https://api.github.com/repositories/26323526/contents/gradoop-flink/src/main/java/org/gradoop/flink/algorithms/labelpropagation/GradoopLabelPropagation.java?ref=5034e542a547a098253ddf5a5e055b2265c88276"}
{"url": "https://api.github.com/repositories/74975289/contents/flink-libraries/flink-gelly-examples/src/main/java/org/apache/flink/graph/Usage.java?ref=1b2f3c06d2296d5e628b66a3c13126a546958d74"}
{"url": "https://api.github.com/repositories/86431607/contents/flink-libraries/flink-gelly-examples/src/main/java/org/apache/flink/graph/Usage.java?ref=fd392704cf1fd46f4dbc63b5892bf5cbe30fd6df"}
{"url": "https://api.github.com/repositories/26323526/contents/gradoop-flink/src/main/java/org/gradoop/flink/algorithms/btgs/functions/ToGellyVertexWithIdValue.java?ref=5034e542a547a098253ddf5a5e055b2265c88276"}
{"url": "https://api.github.com/repositories/103922918/contents/gradoop-flink/src/main/java/org/gradoop/flink/algorithms/labelpropagation/functions/VertexToGellyVertexMapper.java?ref=161414c9aa08ddbdc366a1f563504dad5f355f2c"}
{"url": "https://api.github.com/repositories/95763747/contents/gradoop-flink/src/main/java/org/gradoop/flink/algorithms/labelpropagation/functions/EdgeToGellyEdgeMapper.java?ref=99d0fb294feec690142153772731de8fca22edfa"}
{"url": "https://api.github.com/repositories/26323526/contents/gradoop-flink/src/main/java/org/gradoop/flink/algorithms/labelpropagation/functions/EdgeToGellyEdgeMapper.java?ref=5034e542a547a098253ddf5a5e055b2265c88276"}
{"url": "https://api.github.com/repositories/95763747/contents/gradoop-flink/src/main/java/org/gradoop/flink/algorithms/btgs/functions/ToGellyVertexWithIdValue.java?ref=99d0fb294feec690142153772731de8fca22edfa"}
{"url": "https://api.github.com/repositories/87174663/contents/flink-libraries/flink-gelly-examples/src/test/java/org/apache/flink/graph/drivers/parameter/StringParameterTest.java?ref=5a3e3b47fdf3ebedb7d46880f5aab3e202edba50"}
{"url": "https://api.github.com/repositories/44975445/contents/src/test/java/algorithms/adaptiverepartitioning/ARPComputationTest.java?ref=85aacf952fc9b30e4889fdccef9c5443222312e6"}
{"url": "https://api.github.com/repositories/103922918/contents/gradoop-flink/src/main/java/org/gradoop/flink/algorithms/btgs/BusinessTransactionGraphs.java?ref=161414c9aa08ddbdc366a1f563504dad5f355f2c"}
{"url": "https://api.github.com/repositories/72092910/contents/src/main/java/com/duansky/learn/flink/gelly/lib/_TriangleListing.java?ref=f80c4d37f1e550b82ffc028de65918790b0a18aa"}
{"url": "https://api.github.com/repositories/103953751/contents/flink-libraries/flink-gelly-examples/src/main/java/org/apache/flink/graph/Usage.java?ref=3545503f1390251a47f40121372f20c57bee92fa"}
